<?xml version="1.0" encoding="UTF-8"?>
<!-- Generated by org.testng.reporters.JUnitReportReporter -->
<testsuite hostname="LAPTOP-BML2SAIH" failures="0" tests="1" name="automation.Tests.ErrorValidation" time="33.616" errors="0" timestamp="2024-07-31T17:39:53 IST" skipped="0">
  <testcase classname="automation.Tests.ErrorValidation" name="loginErrorValidation" time="33.616"/>
  <system-out/>
</testsuite> <!-- automation.Tests.ErrorValidation -->
